Drill Listing
=============
Drill: .008  Tool: 1  Feed: 0  Speed: 0
X -69000  Y 54500
X -76500  Y 56500
X -61500  Y 56500
X -76500  Y 61500
X -61500  Y 61500
X -76500  Y 66500
X -61500  Y 66500
X -76500  Y 71500
X -61500  Y 71500
X -61500  Y 92500
X -76500  Y 92500
X -61500  Y 97500
X -76500  Y 97500
X -76500  Y 102500
X -61500  Y 102500
X -76500  Y 107000
X -61500  Y 107500
X -69000  Y 109500
X -31000  Y 262000
X -25500  Y 109500
X -19000  Y 108000
X -34000  Y 107500
X -19000  Y 103000
X -34000  Y 103000
X -19000  Y 98000
X -34000  Y 98000
X -34000  Y 93000
X -19000  Y 93000
X -34000  Y 71500
X -19000  Y 71500
X -34000  Y 66500
X -19000  Y 66500
X -19000  Y 61500
X -34000  Y 61500
X -19000  Y 56500
X -34000  Y 56500
X -26000  Y 54500
X 17000  Y -5000
X 40000  Y 5000
X 11000  Y 65000
X 18000  Y 65000
X 31500  Y 65000
X 37500  Y 65000
X -2000  Y 65000
X 5000  Y 65000
X 24500  Y 65000
X 11000  Y 70000
X 18000  Y 70000
X 24500  Y 70000
X 37500  Y 70000
X 31500  Y 70000
X -2000  Y 70000
X 5000  Y 70000
X 25000  Y 92500
X 32000  Y 92500
X 18500  Y 92500
X 37500  Y 92500
X 11500  Y 92500
X -2000  Y 92500
X 5000  Y 92500
X -2000  Y 95500
X 37500  Y 95500
X 18500  Y 95500
X 5000  Y 95500
X 32000  Y 95500
X 25000  Y 95500
X 11500  Y 95500
X 55000  Y 245000
X 49000  Y 127000
X 59000  Y 127000
X 54000  Y 127000
X 49000  Y 122000
X 59000  Y 122000
X 54000  Y 122000
X 49000  Y 117000
X 59000  Y 117000
X 54000  Y 117000
X 64000  Y 113500
X 49000  Y 110000
X 54000  Y 110000
X 59000  Y 110000
X 59000  Y 105000
X 49000  Y 105000
X 54000  Y 105000
X 54000  Y 100000
X 59000  Y 100000
X 49000  Y 100000
X 44500  Y 95500
X 54000  Y 95000
X 59000  Y 95000
X 50000  Y 92500
X 57000  Y 92500
X 44500  Y 92500
X 64000  Y 92000
X 57500  Y 70000
X 44500  Y 70000
X 63500  Y 70000
X 50500  Y 70000
X 57500  Y 65000
X 44500  Y 65000
X 50500  Y 65000
X 63500  Y 65000
X 77500  Y 65000
X 70500  Y 65000
X 77500  Y 70000
X 70500  Y 70000
X 79000  Y 88000
X 76000  Y 88000
X 71000  Y 92000
X 83500  Y 113000
X 86000  Y 113000
X 69000  Y 113500
X 74000  Y 113500
X 83500  Y 135500
X 86000  Y 135500
X 84000  Y 151500
X 88000  Y 151500
X 88500  Y 165500
X 87000  Y 176000
X 84000  Y 176000
X 114000  Y 195000
X 106000  Y 187000
X 102000  Y 187000
X 110000  Y 187000
X 104500  Y 173000
X 107161  Y 170500
X 96500  Y 170500
X 104000  Y 160000
X 111000  Y 160000
X 97500  Y 160000
X 104000  Y 155500
X 111000  Y 155500
X 97500  Y 155500
X 104000  Y 151000
X 111000  Y 151000
X 97500  Y 151000
X 112250  Y 147750
X 92000  Y 141500
X 99500  Y 141000
X 112279  Y 141000
X 96000  Y 131500
X 104000  Y 126000
X 108000  Y 123500
X 102500  Y 122000
X 97500  Y 122000
X 97500  Y 117000
X 107500  Y 117000
X 111500  Y 117000
X 102500  Y 117000
X 97500  Y 113500
X 111500  Y 113500
X 102500  Y 113500
X 107500  Y 113500
X 104000  Y 82500
X 114500  Y 82500
X 108500  Y 82500
X 94000  Y 82500
X 99000  Y 82500
X 108500  Y 80000
X 94000  Y 77500
X 104000  Y 77500
X 114500  Y 77500
X 99000  Y 77500
X 136000  Y 77500
X 124500  Y 77500
X 119500  Y 77500
X 129500  Y 80000
X 136000  Y 82500
X 124500  Y 82500
X 119500  Y 82500
X 129500  Y 82500
X 116500  Y 113500
X 138500  Y 113500
X 133500  Y 113500
X 127000  Y 113500
X 121500  Y 113500
X 133500  Y 117000
X 127000  Y 117000
X 116500  Y 117000
X 121500  Y 117000
X 138500  Y 117000
X 122500  Y 132500
X 120000  Y 133500
X 131500  Y 136500
X 117500  Y 140750
X 120000  Y 140750
X 117500  Y 151000
X 124500  Y 151000
X 117500  Y 155500
X 124500  Y 155500
X 117500  Y 160000
X 124500  Y 160000
X 128500  Y 171500
X 126500  Y 171500
X 120750  Y 177750
X 132000  Y 179500
X 136000  Y 179500
X 139000  Y 181500
X 118000  Y 182000
X 139000  Y 184500
X 136000  Y 187000
X 132000  Y 187000
X 126000  Y 187000
X 129000  Y 187000
X 122000  Y 187000
X 116000  Y 188000
X 118000  Y 195000
X 152500  Y 117000
X 143500  Y 117000
X 149000  Y 117000
X 152500  Y 113500
X 143500  Y 113500
X 149000  Y 113500
X 152500  Y 109500
X 152500  Y 106000
X 152500  Y 102500
X 152500  Y 99000
X 152500  Y 95500
X 146000  Y 82500
X 141000  Y 82500
X 146000  Y 77500
X 141000  Y 77500
X 182000  Y 95500
X 182000  Y 99000
X 182000  Y 102500
X 182000  Y 106000
X 182000  Y 109500
X 182000  Y 113500
X 182000  Y 117000
X 255000  Y 160000
X 250000  Y 160000
X 260000  Y 160000
X 260000  Y 155000
X 222000  Y 154500
X 233000  Y 154500
X 233000  Y 150000
X 222000  Y 150000
X 260000  Y 150000
X 247000  Y 150000
X 222000  Y 146000
X 233000  Y 145500
X 260000  Y 145000
X 255000  Y 140000
X 250000  Y 140000
X 260000  Y 140000
X 262500  Y 103000
X 245000  Y 88000
X 252500  Y 88000
X 249000  Y 88000
X 256500  Y 88000
X 249000  Y 70000
X 252500  Y 70000
X 256500  Y 70000
X 245000  Y 70000
X 261500  Y 65000
X 265500  Y 65000
X 278000  Y 65000
X 289500  Y 65000
X 282000  Y 65000
X 285500  Y 65000
X 269000  Y 65000
X 273000  Y 65000
X 307000  Y 70000
X 299500  Y 70000
X 303000  Y 70000
X 295500  Y 70000
X 295500  Y 88000
X 299500  Y 88000
X 307000  Y 88000
X 303000  Y 88000
X 271500  Y 103000
X 284000  Y 103000
X 288500  Y 103000
X 279500  Y 103000
X 267000  Y 103000

Drill: .031  Tool: 2  Feed: 197  Speed: 550
X -12500  Y 246200
X -12500  Y 254100
X -12500  Y 262000

Drill: .034  Tool: 3  Feed: 197  Speed: 550
X 95000  Y 246200
X 102900  Y 246200
X 95000  Y 254100
X 102900  Y 254100
X 95000  Y 262000
X 102900  Y 262000

Drill: .065  Tool: 4  Feed: 89  Speed: 550
X 345000  Y -60000
X 377500  Y 240000

Drill: .07  Tool: 5  Feed: 81  Speed: 550
X -109000  Y -41500
X 360000  Y 270000

Drill: .095  Tool: 6  Feed: 66  Speed: 550
X -52000  Y -60000
X -102500  Y -9500
X -102500  Y 182500
X -64500  Y 260000
X 40000  Y 260000
X 17000  Y -60000
X 86000  Y -60000
X 155000  Y -60000
X 160000  Y 259500
X 205000  Y 260000
X 250000  Y 260000

Drill: .187  Tool: 7  Feed: 35  Speed: 1033
X -109000  Y -69000
X -109000  Y 269000
X 384000  Y 269000
X 384000  Y -69000

Drill: .206  Tool: 8  Feed: 0  Speed: 0
X -102500  Y 28500
X -102500  Y 142500
X 377500  Y 195000
X 377500  Y 120000
X 377500  Y 40000
X 377500  Y -35000

End of Listing
